Determining if the pthread_create exist failed with the following output:
Change Dir: /home/marvin/Git_repo/astar_search/build/CMakeFiles/CMakeTmp

Run Build Command:"/usr/bin/make" "cmTC_8c8a9/fast"
/usr/bin/make -f CMakeFiles/cmTC_8c8a9.dir/build.make CMakeFiles/cmTC_8c8a9.dir/build
make[1]: Entering directory '/home/marvin/Git_repo/astar_search/build/CMakeFiles/CMakeTmp'
Building C object CMakeFiles/cmTC_8c8a9.dir/CheckSymbolExists.c.o
/usr/bin/cc    -o CMakeFiles/cmTC_8c8a9.dir/CheckSymbolExists.c.o   -c /home/marvin/Git_repo/astar_search/build/CMakeFiles/CMakeTmp/CheckSymbolExists.c
Linking C executable cmTC_8c8a9
/usr/bin/cmake -E cmake_link_script CMakeFiles/cmTC_8c8a9.dir/link.txt --verbose=1
/usr/bin/cc      -rdynamic CMakeFiles/cmTC_8c8a9.dir/CheckSymbolExists.c.o  -o cmTC_8c8a9 
CMakeFiles/cmTC_8c8a9.dir/CheckSymbolExists.c.o: In function `main':
CheckSymbolExists.c:(.text+0x1b): undefined reference to `pthread_create'
collect2: error: ld returned 1 exit status
CMakeFiles/cmTC_8c8a9.dir/build.make:97: recipe for target 'cmTC_8c8a9' failed
make[1]: *** [cmTC_8c8a9] Error 1
make[1]: Leaving directory '/home/marvin/Git_repo/astar_search/build/CMakeFiles/CMakeTmp'
Makefile:126: recipe for target 'cmTC_8c8a9/fast' failed
make: *** [cmTC_8c8a9/fast] Error 2

File /home/marvin/Git_repo/astar_search/build/CMakeFiles/CMakeTmp/CheckSymbolExists.c:
/* */
#include <pthread.h>

int main(int argc, char** argv)
{
  (void)argv;
#ifndef pthread_create
  return ((int*)(&pthread_create))[argc];
#else
  (void)argc;
  return 0;
#endif
}

Determining if the function pthread_create exists in the pthreads failed with the following output:
Change Dir: /home/marvin/Git_repo/astar_search/build/CMakeFiles/CMakeTmp

Run Build Command:"/usr/bin/make" "cmTC_8948a/fast"
/usr/bin/make -f CMakeFiles/cmTC_8948a.dir/build.make CMakeFiles/cmTC_8948a.dir/build
make[1]: Entering directory '/home/marvin/Git_repo/astar_search/build/CMakeFiles/CMakeTmp'
Building C object CMakeFiles/cmTC_8948a.dir/CheckFunctionExists.c.o
/usr/bin/cc   -DCHECK_FUNCTION_EXISTS=pthread_create   -o CMakeFiles/cmTC_8948a.dir/CheckFunctionExists.c.o   -c /usr/share/cmake-3.10/Modules/CheckFunctionExists.c
Linking C executable cmTC_8948a
/usr/bin/cmake -E cmake_link_script CMakeFiles/cmTC_8948a.dir/link.txt --verbose=1
/usr/bin/cc  -DCHECK_FUNCTION_EXISTS=pthread_create    -rdynamic CMakeFiles/cmTC_8948a.dir/CheckFunctionExists.c.o  -o cmTC_8948a -lpthreads 
/usr/bin/ld: cannot find -lpthreads
collect2: error: ld returned 1 exit status
CMakeFiles/cmTC_8948a.dir/build.make:97: recipe for target 'cmTC_8948a' failed
make[1]: *** [cmTC_8948a] Error 1
make[1]: Leaving directory '/home/marvin/Git_repo/astar_search/build/CMakeFiles/CMakeTmp'
Makefile:126: recipe for target 'cmTC_8948a/fast' failed
make: *** [cmTC_8948a/fast] Error 2


